2025-09-24 11:59:12 - From: loic <testmail@gmail.com> - Subject: sujet blabla
2025-09-24 12:15:29 - From: loic <testmail@gmail.com> - Subject: sujet blabla
2025-09-24 12:15:33 - From: loic <testmail@gmail.com> - Subject: sujet blabla
2025-09-25 10:16:11 - From: loic <testmail@gmail.com> - Subject: sujet blabla
2025-09-26 13:44:34 - From: loic <loico34noro@gmail.com> - Subject: sujet blabla
2025-09-26 14:23:12 - From: loic <loico34noro@gmail.com> - Subject: sujet blabla
2025-09-26 14:27:08 - From: loic <loico34noro@gmail.com> - Subject: sujet blabla
2025-09-26 14:27:20 - From: loic <loico34noro@gmail.com> - Subject: sujet blabla
2025-09-26 14:28:40 - From: loic <loico34noro@gmail.com> - Subject: sujet blabla
2025-09-26 14:28:50 - From: loic <loico34noro@gmail.com> - Subject: sujet blabla
2025-09-26 14:33:55 - From: loic <loico34noro@gmail.com> - Subject: sujet blabla
2025-09-26 14:34:19 - From: loic <loico34noro@gmail.com> - Subject: sujet blabla
2025-09-26 14:34:25 - From: loic <loico34noro@gmail.com> - Subject: sujet blabla
2025-09-26 14:37:35 - From: loic <loico34noro@gmail.com> - Subject: sujet blabla
2025-09-26 14:37:47 - From: loic <loico34noro@gmail.com> - Subject: sujet blabla
2025-09-26 14:42:53 - From: loic <loico34noro@gmail.com> - Subject: sujet blabla
2025-09-26 14:45:31 - From: loic <loico34noro@gmail.com> - Subject: sujet blabla
2025-09-26 14:47:29 - From: dd <dd@dada.com> - Subject: sujet blabla
2025-09-26 14:58:53 - From: loic <loico34noro@gmail.com> - Subject: sujet blabla
2025-09-26 14:59:15 - From: loic <loico34noro@gmail.com> - Subject: sujet blabla
2025-09-26 14:59:29 - From: loic <loico34noro@gmail.com> - Subject: sujet blabla
2025-09-26 15:00:43 - From: loic <loico34noro@gmail.com> - Subject: sujet blabla
2025-09-26 15:01:04 - From: loic <loico34noro@gmail.com> - Subject: sujet blabla
2025-09-26 15:02:35 - From: loic <loico34noro@gmail.com> - Subject: sujet blabla
2025-09-26 15:04:59 - From: loic <loico34noro@gmail.com> - Subject: d
2025-09-26 15:06:45 - From: da <loico34noro@gmail.com> - Subject: sujet blabla
2025-09-26 15:19:18 - From: loic <loico34noro@gmail.com> - Subject: sujet blabla
2025-10-01 20:29:25 - From: loic <loico34noro@gmail.com> - Subject: sujet blabla
2025-10-01 20:30:40 - From: loic <loico34noro@gmail.com> - Subject: sujet blabla
2025-10-01 20:38:53 - From: loic <loico34noro@gmail.com> - Subject: sujet blabla
2025-10-01 20:40:23 - From: loic <loico34noro@gmail.com> - Subject: sujet blabla
2025-10-01 20:41:33 - From: loic <loico34noro@gmail.com> - Subject: sujet blabla
2025-10-01 20:48:04 - From: loic <loico34noro@gmail.com> - Subject: sujet blabla
2025-10-01 20:54:45 - From: loic <loico34noro@gmail.com> - Subject: sujet blabla
2025-10-01 21:16:49 - From: loic <loico34noro@gmail.com> - Subject: sujet blabla
2025-10-01 21:20:45 - From: loic <loico34noro@gmail.com> - Subject: sujet blabla
2025-10-01 21:27:58 - From: loic <loico34noro@gmail.com> - Subject: dada
2025-10-01 21:30:15 - From: loic <loico34noro@gmail.com> - Subject: dada
2025-10-01 21:30:26 - From: loic <dd@dada.com> - Subject: da
2025-10-01 21:34:16 - From: loic <loico34noro@gmail.com> - Subject: sujet blabla
2025-10-01 21:37:42 - From: loic <loico34noro@gmail.com> - Subject: sujet blabla
2025-10-01 22:16:34 - From: loic <loico34noro@gmail.com> - Subject: sujet blabla
2025-10-01 22:19:33 - From: loic <loico34noro@gmail.com> - Subject: sujet blabla
2025-10-01 22:21:45 - From: loic <loico34noro@gmail.com> - Subject: sujet blabla
2025-10-01 22:22:05 - From: loic <loico34noro@gmail.com> - Subject: sujet blabla
2025-10-01 22:23:16 - From: loic <loico34noro@gmail.com> - Subject: sujet blabla
